\BOOKMARK [1][-]{section.1}{INTRODUCCI\323N}{}% 1
\BOOKMARK [1][-]{section.2}{Cocteles ingleses}{}% 2
\BOOKMARK [2][-]{subsection.2.1}{Born to be British}{section.2}% 3
\BOOKMARK [3][-]{subsubsection.2.1.1}{Contenido}{subsection.2.1}% 4
\BOOKMARK [3][-]{subsubsection.2.1.2}{Formato de elaboraci\363n}{subsection.2.1}% 5
\BOOKMARK [3][-]{subsubsection.2.1.3}{Notas}{subsection.2.1}% 6
\BOOKMARK [2][-]{subsection.2.2}{Gin \046 Tonic}{section.2}% 7
\BOOKMARK [3][-]{subsubsection.2.2.1}{Contenido}{subsection.2.2}% 8
\BOOKMARK [3][-]{subsubsection.2.2.2}{Formato de elaboraci\363n}{subsection.2.2}% 9
\BOOKMARK [3][-]{subsubsection.2.2.3}{Notas}{subsection.2.2}% 10
\BOOKMARK [3][-]{subsubsection.2.2.4}{Informaci\363n extra}{subsection.2.2}% 11
\BOOKMARK [1][-]{section.3}{Cocteles franceses}{}% 12
\BOOKMARK [2][-]{subsection.3.1}{French 75}{section.3}% 13
\BOOKMARK [3][-]{subsubsection.3.1.1}{Contenido}{subsection.3.1}% 14
\BOOKMARK [3][-]{subsubsection.3.1.2}{Formato de elaboraci\363n}{subsection.3.1}% 15
\BOOKMARK [3][-]{subsubsection.3.1.3}{Notas}{subsection.3.1}% 16
\BOOKMARK [3][-]{subsubsection.3.1.4}{Informaci\363n extra}{subsection.3.1}% 17
\BOOKMARK [2][-]{subsection.3.2}{Sidecar}{section.3}% 18
\BOOKMARK [3][-]{subsubsection.3.2.1}{Contenido}{subsection.3.2}% 19
\BOOKMARK [3][-]{subsubsection.3.2.2}{Formato de elaboraci\363n}{subsection.3.2}% 20
\BOOKMARK [3][-]{subsubsection.3.2.3}{Notas}{subsection.3.2}% 21
\BOOKMARK [3][-]{subsubsection.3.2.4}{Informaci\363n extra}{subsection.3.2}% 22
\BOOKMARK [1][-]{section.4}{Cocteles italianos}{}% 23
\BOOKMARK [2][-]{subsection.4.1}{Negroni}{section.4}% 24
\BOOKMARK [3][-]{subsubsection.4.1.1}{Contenido}{subsection.4.1}% 25
\BOOKMARK [3][-]{subsubsection.4.1.2}{Formato de elaboraci\363n}{subsection.4.1}% 26
\BOOKMARK [3][-]{subsubsection.4.1.3}{Notas}{subsection.4.1}% 27
\BOOKMARK [3][-]{subsubsection.4.1.4}{Informaci\363n extra}{subsection.4.1}% 28
\BOOKMARK [2][-]{subsection.4.2}{Martini}{section.4}% 29
\BOOKMARK [3][-]{subsubsection.4.2.1}{Contenido}{subsection.4.2}% 30
\BOOKMARK [3][-]{subsubsection.4.2.2}{Formato de elaboraci\363n}{subsection.4.2}% 31
\BOOKMARK [3][-]{subsubsection.4.2.3}{Notas}{subsection.4.2}% 32
\BOOKMARK [2][-]{subsection.4.3}{God Father}{section.4}% 33
\BOOKMARK [3][-]{subsubsection.4.3.1}{Contenido}{subsection.4.3}% 34
\BOOKMARK [3][-]{subsubsection.4.3.2}{Formato de elaboraci\363n}{subsection.4.3}% 35
\BOOKMARK [3][-]{subsubsection.4.3.3}{Notas}{subsection.4.3}% 36
\BOOKMARK [1][-]{section.5}{Cocteles rusos}{}% 37
\BOOKMARK [2][-]{subsection.5.1}{Balalaika}{section.5}% 38
\BOOKMARK [3][-]{subsubsection.5.1.1}{Contenido}{subsection.5.1}% 39
\BOOKMARK [3][-]{subsubsection.5.1.2}{Formato de elaboraci\363n}{subsection.5.1}% 40
\BOOKMARK [3][-]{subsubsection.5.1.3}{Notas}{subsection.5.1}% 41
\BOOKMARK [2][-]{subsection.5.2}{Volga}{section.5}% 42
\BOOKMARK [3][-]{subsubsection.5.2.1}{Contenido}{subsection.5.2}% 43
\BOOKMARK [3][-]{subsubsection.5.2.2}{Formato de elaboraci\363n}{subsection.5.2}% 44
\BOOKMARK [3][-]{subsubsection.5.2.3}{Notas}{subsection.5.2}% 45
\BOOKMARK [2][-]{subsection.5.3}{Nueva Rusia}{section.5}% 46
\BOOKMARK [3][-]{subsubsection.5.3.1}{Contenido}{subsection.5.3}% 47
\BOOKMARK [3][-]{subsubsection.5.3.2}{Formato de elaboraci\363n}{subsection.5.3}% 48
\BOOKMARK [3][-]{subsubsection.5.3.3}{Notas}{subsection.5.3}% 49
